#-----------------------------------------------------------
# Vivado v2017.2 (64-bit)
# SW Build 1909853 on Thu Jun 15 18:39:09 MDT 2017
# IP Build 1909766 on Thu Jun 15 19:58:00 MDT 2017
# Start of session at: Tue Dec  5 14:43:11 2017
# Process ID: 732
# Current directory: Z:/helicoptergame/Helicopter_Game
# Command line: vivado.exe -gui_launcher_event rodinguilauncherevent9928 Z:\helicoptergame\Helicopter_Game\Helicopter_Game.xpr
# Log file: Z:/helicoptergame/Helicopter_Game/vivado.log
# Journal file: Z:/helicoptergame/Helicopter_Game\vivado.jou
#-----------------------------------------------------------
start_gui
open_project Z:/helicoptergame/Helicopter_Game/Helicopter_Game.xpr
Scanning sources...
Finished scanning sources
WARNING: [filemgmt 56-3] IPUserFilesDir: Could not find the directory 'Z:/helicoptergame/Helicopter_Game/Helicopter_Game.ip_user_files'.
INFO: [IP_Flow 19-234] Refreshing IP repositories
INFO: [IP_Flow 19-1704] No user IP repositories specified
INFO: [IP_Flow 19-2313] Loaded Vivado IP repository 'C:/Xilinx/Vivado/2017.2/data/ip'.
update_compile_order -fileset sources_1
reset_run impl_1 -from_step opt_design
INFO: [Vivado 12-1476] Run Step 'opt_design' appears to be already reset.
launch_runs impl_1 -next_step 
[Tue Dec  5 14:44:01 2017] Launched impl_1...
Run output will be captured here: Z:/helicoptergame/Helicopter_Game/Helicopter_Game.runs/impl_1/runme.log
reset_run impl_1 -from_step place_design
INFO: [Vivado 12-1476] Run Step 'place_design' appears to be already reset.
launch_runs impl_1 -next_step 
[Tue Dec  5 14:44:42 2017] Launched impl_1...
Run output will be captured here: Z:/helicoptergame/Helicopter_Game/Helicopter_Game.runs/impl_1/runme.log
reset_run impl_1 -from_step route_design
INFO: [Vivado 12-1476] Run Step 'route_design' appears to be already reset.
launch_runs impl_1 -next_step 
[Tue Dec  5 14:45:34 2017] Launched impl_1...
Run output will be captured here: Z:/helicoptergame/Helicopter_Game/Helicopter_Game.runs/impl_1/runme.log
launch_runs impl_1 -to_step write_bitstream -jobs 4
[Tue Dec  5 14:46:40 2017] Launched impl_1...
Run output will be captured here: Z:/helicoptergame/Helicopter_Game/Helicopter_Game.runs/impl_1/runme.log
open_hw
connect_hw_server
INFO: [Labtools 27-2285] Connecting to hw_server url TCP:localhost:3121
INFO: [Labtools 27-2222] Launching hw_server...
INFO: [Labtools 27-2221] Launch Output:

****** Xilinx hw_server v2017.2
  **** Build date : Jun 15 2017-18:53:26
    ** Copyright 1986-2017 Xilinx, Inc. All Rights Reserved.


open_hw_target
INFO: [Labtoolstcl 44-466] Opening hw_target localhost:3121/xilinx_tcf/Digilent/210292A4BEA0A
set_property PROGRAM.FILE {Z:/helicoptergame/Helicopter_Game/Helicopter_Game.runs/impl_1/heli_top.bit} [get_hw_devices xc7a100t_0]
current_hw_device [get_hw_devices xc7a100t_0]
refresh_hw_device -update_hw_probes false [lindex [get_hw_devices xc7a100t_0] 0]
INFO: [Labtools 27-1434] Device xc7a100t (JTAG device index = 0) is programmed with a design that has no supported debug core(s) in it.
WARNING: [Labtools 27-3361] The debug hub core was not detected.
Resolution: 
1. Make sure the clock connected to the debug hub (dbg_hub) core is a free running clock and is active.
2. Make sure the BSCAN_SWITCH_USER_MASK device property in Vivado Hardware Manager reflects the user scan chain setting in the design and refresh the device.  To determine the user scan chain setting in the design, open the implemented design and use 'get_property C_USER_SCAN_CHAIN [get_debug_cores dbg_hub]'.
For more details on setting the scan chain property, consult the Vivado Debug and Programming User Guide (UG908).
set_property PROBES.FILE {} [get_hw_devices xc7a100t_0]
set_property FULL_PROBES.FILE {} [get_hw_devices xc7a100t_0]
set_property PROGRAM.FILE {Z:/helicoptergame/Helicopter_Game/Helicopter_Game.runs/impl_1/heli_top.bit} [get_hw_devices xc7a100t_0]
program_hw_devices [get_hw_devices xc7a100t_0]
INFO: [Labtools 27-3164] End of startup status: HIGH
refresh_hw_device [lindex [get_hw_devices xc7a100t_0] 0]
INFO: [Labtools 27-1434] Device xc7a100t (JTAG device index = 0) is programmed with a design that has no supported debug core(s) in it.
WARNING: [Labtools 27-3361] The debug hub core was not detected.
Resolution: 
1. Make sure the clock connected to the debug hub (dbg_hub) core is a free running clock and is active.
2. Make sure the BSCAN_SWITCH_USER_MASK device property in Vivado Hardware Manager reflects the user scan chain setting in the design and refresh the device.  To determine the user scan chain setting in the design, open the implemented design and use 'get_property C_USER_SCAN_CHAIN [get_debug_cores dbg_hub]'.
For more details on setting the scan chain property, consult the Vivado Debug and Programming User Guide (UG908).
close_hw
open_hw
close_hw
open_hw
reset_run synth_1
launch_runs impl_1 -to_step write_bitstream -jobs 4
[Tue Dec  5 14:50:32 2017] Launched synth_1...
Run output will be captured here: Z:/helicoptergame/Helicopter_Game/Helicopter_Game.runs/synth_1/runme.log
[Tue Dec  5 14:50:32 2017] Launched impl_1...
Run output will be captured here: Z:/helicoptergame/Helicopter_Game/Helicopter_Game.runs/impl_1/runme.log
connect_hw_server
INFO: [Labtools 27-2285] Connecting to hw_server url TCP:localhost:3121
INFO: [Labtools 27-2222] Launching hw_server...
INFO: [Labtools 27-2221] Launch Output:

****** Xilinx hw_server v2017.2
  **** Build date : Jun 15 2017-18:53:26
    ** Copyright 1986-2017 Xilinx, Inc. All Rights Reserved.


open_hw_target
INFO: [Labtoolstcl 44-466] Opening hw_target localhost:3121/xilinx_tcf/Digilent/210292A4BEA0A
set_property PROGRAM.FILE {Z:/helicoptergame/Helicopter_Game/Helicopter_Game.runs/impl_1/heli_top.bit} [get_hw_devices xc7a100t_0]
current_hw_device [get_hw_devices xc7a100t_0]
refresh_hw_device -update_hw_probes false [lindex [get_hw_devices xc7a100t_0] 0]
INFO: [Labtools 27-1434] Device xc7a100t (JTAG device index = 0) is programmed with a design that has no supported debug core(s) in it.
WARNING: [Labtools 27-3361] The debug hub core was not detected.
Resolution: 
1. Make sure the clock connected to the debug hub (dbg_hub) core is a free running clock and is active.
2. Make sure the BSCAN_SWITCH_USER_MASK device property in Vivado Hardware Manager reflects the user scan chain setting in the design and refresh the device.  To determine the user scan chain setting in the design, open the implemented design and use 'get_property C_USER_SCAN_CHAIN [get_debug_cores dbg_hub]'.
For more details on setting the scan chain property, consult the Vivado Debug and Programming User Guide (UG908).
set_property PROBES.FILE {} [get_hw_devices xc7a100t_0]
set_property FULL_PROBES.FILE {} [get_hw_devices xc7a100t_0]
set_property PROGRAM.FILE {Z:/helicoptergame/Helicopter_Game/Helicopter_Game.runs/impl_1/heli_top.bit} [get_hw_devices xc7a100t_0]
program_hw_devices [get_hw_devices xc7a100t_0]
INFO: [Labtools 27-3164] End of startup status: HIGH
refresh_hw_device [lindex [get_hw_devices xc7a100t_0] 0]
INFO: [Labtools 27-1434] Device xc7a100t (JTAG device index = 0) is programmed with a design that has no supported debug core(s) in it.
WARNING: [Labtools 27-3361] The debug hub core was not detected.
Resolution: 
1. Make sure the clock connected to the debug hub (dbg_hub) core is a free running clock and is active.
2. Make sure the BSCAN_SWITCH_USER_MASK device property in Vivado Hardware Manager reflects the user scan chain setting in the design and refresh the device.  To determine the user scan chain setting in the design, open the implemented design and use 'get_property C_USER_SCAN_CHAIN [get_debug_cores dbg_hub]'.
For more details on setting the scan chain property, consult the Vivado Debug and Programming User Guide (UG908).
exit
INFO: [Common 17-206] Exiting Vivado at Tue Dec  5 15:16:00 2017...
